current directory: /Users/thewellington/Sites/mariawellington.com/.bundle/ruby/3.4.0/gems/bigdecimal-4.1.2/ext/bigdecimal
/nix/store/l7m1shyp6zm26pz8lrjwc9mmzf5hd0b1-ruby-3.4.9/bin/ruby extconf.rb
checking for __builtin_clz()... yes
checking for __builtin_clzl()... yes
checking for __builtin_clzll()... yes
checking for float.h... yes
checking for math.h... yes
checking for stdbool.h... yes
checking for stdlib.h... yes
checking for x86intrin.h... no
checking for intrin.h... no
checking for ruby/atomic.h... yes
checking for ruby/internal/has/builtin.h... yes
checking for ruby/internal/static_assert.h... yes
checking for rb_complex_real() in ruby.h... yes
checking for rb_complex_imag() in ruby.h... yes
checking for rb_opts_exception_p() in ruby.h... yes
checking for rb_category_warn() in ruby.h... yes
checking for RB_WARN_CATEGORY_DEPRECATED in ruby.h... yes
checking for RUBY_TYPED_EMBEDDABLE in ruby.h... yes
creating Makefile

current directory: /Users/thewellington/Sites/mariawellington.com/.bundle/ruby/3.4.0/gems/bigdecimal-4.1.2/ext/bigdecimal
make DESTDIR\= sitearchdir\=./.gem.20260428-44139-8xyh7z sitelibdir\=./.gem.20260428-44139-8xyh7z clean

current directory: /Users/thewellington/Sites/mariawellington.com/.bundle/ruby/3.4.0/gems/bigdecimal-4.1.2/ext/bigdecimal
make DESTDIR\= sitearchdir\=./.gem.20260428-44139-8xyh7z sitelibdir\=./.gem.20260428-44139-8xyh7z
compiling bigdecimal.c
compiling missing.c
linking shared-object bigdecimal.bundle

current directory: /Users/thewellington/Sites/mariawellington.com/.bundle/ruby/3.4.0/gems/bigdecimal-4.1.2/ext/bigdecimal
make DESTDIR\= sitearchdir\=./.gem.20260428-44139-8xyh7z sitelibdir\=./.gem.20260428-44139-8xyh7z install
install -c -p -m 755 bigdecimal.bundle ./.gem.20260428-44139-8xyh7z

current directory: /Users/thewellington/Sites/mariawellington.com/.bundle/ruby/3.4.0/gems/bigdecimal-4.1.2/ext/bigdecimal
make DESTDIR\= sitearchdir\=./.gem.20260428-44139-8xyh7z sitelibdir\=./.gem.20260428-44139-8xyh7z clean
