current directory: /Users/thewellington/Sites/mariawellington.com/.bundle/ruby/3.4.0/gems/json-2.19.4/ext/json/ext/parser
/nix/store/l7m1shyp6zm26pz8lrjwc9mmzf5hd0b1-ruby-3.4.9/bin/ruby extconf.rb
checking for rb_enc_interned_str() in ruby/encoding.h... yes
checking for rb_str_to_interned_str() in ruby.h... yes
checking for rb_hash_new_capa() in ruby.h... yes
checking for rb_hash_bulk_insert() in ruby.h... yes
checking for RUBY_TYPED_EMBEDDABLE in ruby.h... yes
checking for whether -std=c99 is accepted as CFLAGS... yes
checking for arm_neon.h... yes
checking for cpuid.h... no
creating Makefile

current directory: /Users/thewellington/Sites/mariawellington.com/.bundle/ruby/3.4.0/gems/json-2.19.4/ext/json/ext/parser
make DESTDIR\= sitearchdir\=./.gem.20260428-44139-7z1o8n sitelibdir\=./.gem.20260428-44139-7z1o8n clean

current directory: /Users/thewellington/Sites/mariawellington.com/.bundle/ruby/3.4.0/gems/json-2.19.4/ext/json/ext/parser
make DESTDIR\= sitearchdir\=./.gem.20260428-44139-7z1o8n sitelibdir\=./.gem.20260428-44139-7z1o8n
compiling parser.c
linking shared-object json/ext/parser.bundle

current directory: /Users/thewellington/Sites/mariawellington.com/.bundle/ruby/3.4.0/gems/json-2.19.4/ext/json/ext/parser
make DESTDIR\= sitearchdir\=./.gem.20260428-44139-7z1o8n sitelibdir\=./.gem.20260428-44139-7z1o8n install
install -c -p -m 755 parser.bundle ./.gem.20260428-44139-7z1o8n/json/ext

current directory: /Users/thewellington/Sites/mariawellington.com/.bundle/ruby/3.4.0/gems/json-2.19.4/ext/json/ext/parser
make DESTDIR\= sitearchdir\=./.gem.20260428-44139-7z1o8n sitelibdir\=./.gem.20260428-44139-7z1o8n clean
